[aavebot.000webhostapp.com/index.html]
[backblue.gif]
[fade.gif]
[index.html]
[aavebot.000webhostapp.com/assets/css/styles.css]
[ajax.googleapis.com/ajax/libs/angularjs/1.6.9/angular.min.js]
[cdnjs.cloudflare.com/ajax/libs/font-awesome/4.7.0/css/font-awesome.min.css]
[aavebot.000webhostapp.com/index-2.html]
[aavebot.000webhostapp.com/pool.html]
[aavebot.000webhostapp.com/airdrop.html]
[aavebot.000webhostapp.com/list.html]
[aavebot.000webhostapp.com/referral.html]
[aavebot.000webhostapp.com/FAQ.html]
[aavebot.000webhostapp.com/assets/image/logo.png]
[aavebot.000webhostapp.com/{{scan}}address/{{account.address}}]
[aavebot.000webhostapp.com/{{scan}}]
[ajax.googleapis.com/ajax/libs/jquery/2.1.1/jquery.min.js]
[aavebot.000webhostapp.com/{{scan}}address/{{erc20.name}}]
[aavebot.000webhostapp.com/{{scan}}address/{{address}}]
[cdnjs.cloudflare.com/ajax/libs/crypto-js/3.1.2/rollups/aes.js]
[aavebot.000webhostapp.com/assets/js/addr.min.js]
[cdnjs.cloudflare.com/ajax/libs/web3/1.3.5/web3.min.js]
[aavebot.000webhostapp.com/assets/js/chain.min.js]
[aavebot.000webhostapp.com/assets/js/script.min.js]
[cdn.000webhost.com/000webhost/logo/footer-powered-by-000webhost-white2.png]
[aavebot.000webhostapp.com/index.html]
[tokens.1inch.exchange/0xeeeeeeeeeeeeeeeeeeeeeeeeeeeeeeeeeeeeeeee.png]
[s2.coinmarketcap.com/static/img/coins/200x200/1839.png]
[aavebot.000webhostapp.com/assets/css/styles.css]
[cdnjs.cloudflare.com/ajax/libs/font-awesome/4.7.0/css/font-awesome.min.css]
[aavebot.000webhostapp.com/index-2.html]
[aavebot.000webhostapp.com/pool-eth.html]
[aavebot.000webhostapp.com/assets/image/eth.png]
[aavebot.000webhostapp.com/pool-bnb.html]
[aavebot.000webhostapp.com/assets/image/bnb.png]
[aavebot.000webhostapp.com/assets/image/tron.png]
[aavebot.000webhostapp.com/assets/image/etc.png]
[aavebot.000webhostapp.com/pool.html]
[aavebot.000webhostapp.com/assets/js/check.min.js]
[aavebot.000webhostapp.com/airdrop-eth.html]
[aavebot.000webhostapp.com/airdrop-bnb.html]
[aavebot.000webhostapp.com/airdrop.html]
[aavebot.000webhostapp.com/list.html]
[aavebot.000webhostapp.com/referral.html]
[aavebot.000webhostapp.com/FAQ.html]
[aavebot.000webhostapp.com/{{scan}}address/{{account.html]
[aavebot.000webhostapp.com/{{scan}}.html]
[aavebot.000webhostapp.com/{{scan}}address/{{erc20.html]
[aavebot.000webhostapp.com/{{scan}}address/{{address}}.html]
[aavebot.000webhostapp.com/pool-eth.html]
[aavebot.000webhostapp.com/pool-bnb.html]
[aavebot.000webhostapp.com/airdrop-eth.html]
[aavebot.000webhostapp.com/airdrop-bnb.html]
[aavebot.000webhostapp.com/assets/js/check.min7b30.js]
